This is XeTeX, Version 3.14159265-2.6-0.999991 (TeX Live 2019) (preloaded format=xelatex 2019.9.4)  24 SEP 2019 15:49
entering extended mode
 restricted \write18 enabled.
 %&-line parsing enabled.
**/Users/knaaptime/CV/ek-vita.sty
(/Users/knaaptime/CV/ek-vita.sty
LaTeX2e <2018-12-01>

! LaTeX Error: \usepackage before \documentclass.

See the LaTeX manual or LaTeX Companion for explanation.
Type  H <return>  for immediate help.
 ...                                              
                                                  
l.14 \usepackage{
                 paralist,ragged2e,datetime} 
Here is how much of TeX's memory you used:
 7 strings out of 492909
 246 string characters out of 6132924
 64519 words of memory out of 5000000
 4160 multiletter control sequences out of 15000+600000
 3640 words of font info for 14 fonts, out of 8000000 for 9000
 1348 hyphenation exceptions out of 8191
 5i,0n,5p,110b,14s stack positions out of 5000i,500n,10000p,200000b,80000s

No pages of output.
